{
  "RSpec": {
    "coverage": {
      "/Users/dinhdat/Documents/source-code/onboard/alert-active-record/alert-subscription/app/models/alert.rb": {
        "lines": [
          1,
          1,
          1,
          1,
          null,
          1,
          1,
          1,
          null,
          null,
          null,
          null,
          1,
          null,
          null,
          null,
          3,
          3,
          4,
          1,
          1,
          2,
          null,
          null,
          1,
          null,
          null,
          null,
          null,
          null,
          null,
          null,
          null,
          null,
          null,
          null,
          1,
          5,
          null,
          5,
          null,
          null,
          null,
          null,
          null,
          1,
          4,
          null,
          4,
          null,
          null,
          null,
          null,
          null,
          null,
          1,
          17,
          null,
          null,
          null,
          null,
          null,
          1,
          2,
          null,
          null,
          null,
          null,
          null,
          1,
          4,
          2,
          null,
          null,
          1,
          4,
          null,
          null,
          1,
          25,
          null,
          null,
          1,
          1,
          null,
          null,
          1,
          null,
          null,
          null,
          null,
          1,
          24,
          1,
          null,
          null,
          null
        ]
      },
      "/Users/dinhdat/Documents/source-code/onboard/alert-active-record/alert-subscription/app/models/application_record.rb": {
        "lines": [
          1,
          1,
          null
        ]
      },
      "/Users/dinhdat/Documents/source-code/onboard/alert-active-record/alert-subscription/app/models/alert_subscription_model.rb": {
        "lines": [
          1,
          1,
          1,
          1,
          null,
          1,
          1,
          null,
          1,
          null
        ]
      },
      "/Users/dinhdat/Documents/source-code/onboard/alert-active-record/alert-subscription/app/models/user_login_log.rb": {
        "lines": [
          1,
          1,
          null,
          1,
          null
        ]
      },
      "/Users/dinhdat/Documents/source-code/onboard/alert-active-record/alert-subscription/app/models/user_profile.rb": {
        "lines": [
          1,
          1,
          1,
          null,
          1,
          null
        ]
      },
      "/Users/dinhdat/Documents/source-code/onboard/alert-active-record/alert-subscription/app/services/alert_service.rb": {
        "lines": [
          1,
          null,
          1,
          null,
          1,
          24,
          null,
          null,
          1,
          24,
          7,
          null,
          17,
          17,
          15,
          null,
          null,
          null,
          null,
          null
        ]
      },
      "/Users/dinhdat/Documents/source-code/onboard/alert-active-record/alert-subscription/app/models/user.rb": {
        "lines": [
          1,
          1,
          null,
          1,
          null,
          1,
          1,
          null,
          1,
          null,
          1,
          null,
          null,
          1,
          0,
          0,
          null,
          null,
          null,
          null,
          1,
          2,
          null,
          null
        ]
      },
      "/Users/dinhdat/Documents/source-code/onboard/alert-active-record/alert-subscription/app/controllers/api/secure/v1/alert_subscription_controller.rb": {
        "lines": [
          1,
          1,
          1,
          1,
          1,
          null,
          1,
          1,
          null,
          1,
          1,
          1,
          null,
          null,
          1,
          2,
          1,
          null,
          1,
          1,
          null,
          null,
          1,
          null,
          1,
          6,
          2,
          null,
          null,
          null,
          null,
          1,
          4,
          3,
          0,
          null,
          null,
          null,
          null,
          null,
          null,
          null
        ]
      },
      "/Users/dinhdat/Documents/source-code/onboard/alert-active-record/alert-subscription/app/controllers/secure_controller.rb": {
        "lines": [
          1,
          null,
          1,
          null,
          1,
          null,
          1,
          null,
          1,
          null,
          null,
          23,
          23,
          3,
          3,
          null,
          20,
          20,
          null,
          20,
          0,
          null,
          null,
          null
        ]
      },
      "/Users/dinhdat/Documents/source-code/onboard/alert-active-record/alert-subscription/app/controllers/application_rest_controller.rb": {
        "lines": [
          1,
          1,
          1,
          null
        ]
      },
      "/Users/dinhdat/Documents/source-code/onboard/alert-active-record/alert-subscription/app/controllers/concerns/error_handling.rb": {
        "lines": [
          1,
          1,
          null,
          1,
          null,
          1,
          1,
          1,
          1,
          null,
          null,
          1,
          null,
          1,
          2,
          null,
          null,
          1,
          0,
          null,
          null,
          1,
          0,
          null,
          null,
          1,
          0,
          null,
          null
        ]
      },
      "/Users/dinhdat/Documents/source-code/onboard/alert-active-record/alert-subscription/app/policies/alert_subscription_model_policy.rb": {
        "lines": [
          1,
          null,
          1,
          1,
          null,
          null,
          null,
          null
        ]
      },
      "/Users/dinhdat/Documents/source-code/onboard/alert-active-record/alert-subscription/app/policies/application_policy.rb": {
        "lines": [
          1,
          1,
          null,
          1,
          3,
          3,
          null,
          null,
          1,
          0,
          null,
          null,
          1,
          0,
          null,
          null,
          1,
          0,
          null,
          null,
          1,
          0,
          null,
          null,
          1,
          0,
          null,
          null,
          1,
          0,
          null,
          null,
          1,
          0,
          null,
          null,
          1,
          0,
          null,
          null,
          1,
          1,
          null,
          1,
          0,
          0,
          null,
          null,
          1,
          0,
          null,
          null,
          null
        ]
      },
      "/Users/dinhdat/Documents/source-code/onboard/alert-active-record/alert-subscription/app/controllers/api/secure/v1/alert_controller.rb": {
        "lines": [
          1,
          1,
          1,
          1,
          1,
          null,
          1,
          null,
          null,
          1,
          1,
          null,
          1,
          null,
          null,
          2,
          null,
          null,
          null,
          null,
          null,
          null,
          null,
          1,
          1,
          null,
          null,
          null,
          1,
          2,
          2,
          2,
          1,
          1,
          null,
          null,
          1,
          null,
          null,
          null,
          null,
          null,
          null,
          null,
          null,
          null,
          null,
          null,
          1,
          1,
          1,
          0,
          0,
          null,
          1,
          null,
          null,
          null,
          null,
          null,
          null,
          null,
          null,
          null,
          null,
          1,
          null,
          null,
          1,
          1,
          null,
          null,
          1,
          1,
          null,
          null,
          null,
          null,
          6,
          6,
          3,
          null,
          null,
          null,
          1,
          3,
          null,
          null,
          null,
          null,
          null
        ]
      },
      "/Users/dinhdat/Documents/source-code/onboard/alert-active-record/alert-subscription/app/policies/alert_policy.rb": {
        "lines": [
          1,
          1,
          1,
          null,
          null,
          1,
          null,
          0,
          null,
          null,
          1,
          0,
          null,
          null,
          1,
          0,
          null,
          null,
          1,
          0,
          null,
          null,
          null,
          null,
          null,
          null,
          null,
          null,
          null,
          null,
          null,
          null,
          null,
          null,
          null,
          null,
          null
        ]
      },
      "/Users/dinhdat/Documents/source-code/onboard/alert-active-record/alert-subscription/app/controllers/api/secure/v1/user_controller.rb": {
        "lines": [
          1,
          1,
          1,
          1,
          1,
          null,
          1,
          null,
          null,
          null,
          null,
          null,
          null,
          null,
          null,
          null,
          null,
          null,
          1,
          1,
          null,
          null,
          null,
          null,
          1,
          1,
          1,
          null,
          null,
          null,
          null,
          null,
          null,
          null,
          null,
          null,
          null,
          1,
          1,
          1,
          null,
          null,
          1,
          2,
          2,
          null,
          2,
          1,
          null,
          1,
          null,
          null,
          null,
          1,
          null,
          1,
          1,
          null,
          null,
          null,
          null,
          null
        ]
      },
      "/Users/dinhdat/Documents/source-code/onboard/alert-active-record/alert-subscription/app/policies/user_policy.rb": {
        "lines": [
          1,
          null,
          1,
          1,
          null,
          null,
          null,
          null
        ]
      },
      "/Users/dinhdat/Documents/source-code/onboard/alert-active-record/alert-subscription/app/serializers/user_serializer.rb": {
        "lines": [
          1,
          1,
          null,
          1,
          1,
          null,
          1,
          1,
          null
        ]
      },
      "/Users/dinhdat/Documents/source-code/onboard/alert-active-record/alert-subscription/app/serializers/alert_serializer.rb": {
        "lines": [
          1,
          1,
          null,
          1,
          null,
          1,
          0,
          null,
          null,
          1,
          0,
          null,
          null,
          1,
          0,
          null,
          null,
          1,
          0,
          null,
          null,
          1,
          0,
          null,
          null,
          1,
          0,
          null,
          null,
          1,
          null
        ]
      },
      "/Users/dinhdat/Documents/source-code/onboard/alert-active-record/alert-subscription/app/serializers/alert_subscription_model_serializer.rb": {
        "lines": [
          1,
          1,
          null,
          1,
          null,
          1,
          0,
          null,
          null,
          1,
          0,
          null,
          null,
          1,
          1,
          null
        ]
      },
      "/Users/dinhdat/Documents/source-code/onboard/alert-active-record/alert-subscription/app/workers/send_notification_worker.rb": {
        "lines": [
          1,
          1,
          null,
          1,
          null,
          null,
          null,
          null,
          null,
          null,
          1,
          0,
          null,
          null,
          1,
          1,
          1,
          null,
          1,
          0,
          null,
          null,
          1,
          null,
          null,
          0,
          null,
          null,
          0,
          null,
          null
        ]
      },
      "/Users/dinhdat/Documents/source-code/onboard/alert-active-record/alert-subscription/app/api/base_api.rb": {
        "lines": [
          0,
          0,
          0,
          0,
          0,
          null,
          0,
          0,
          0,
          0,
          null,
          0,
          null,
          null,
          null,
          null,
          0,
          0,
          0,
          null,
          0,
          0,
          0,
          null,
          0,
          null,
          0,
          0,
          null,
          0,
          0,
          0,
          null,
          0,
          0,
          0,
          null
        ],
        "branches": {
        }
      },
      "/Users/dinhdat/Documents/source-code/onboard/alert-active-record/alert-subscription/app/api/entities/alert_entity.rb": {
        "lines": [
          0,
          0,
          0,
          0,
          0,
          0,
          0,
          0,
          0
        ],
        "branches": {
        }
      },
      "/Users/dinhdat/Documents/source-code/onboard/alert-active-record/alert-subscription/app/api/entities/user_entity.rb": {
        "lines": [
          0,
          0,
          0,
          0,
          0
        ],
        "branches": {
        }
      },
      "/Users/dinhdat/Documents/source-code/onboard/alert-active-record/alert-subscription/app/api/helpers/api_helpers.rb": {
        "lines": [
          0,
          0,
          null,
          0,
          0,
          0,
          0
        ],
        "branches": {
        }
      },
      "/Users/dinhdat/Documents/source-code/onboard/alert-active-record/alert-subscription/app/api/resources/alerts_api.rb": {
        "lines": [
          0,
          0,
          null,
          0,
          0,
          0,
          0,
          0,
          0,
          0,
          0,
          0,
          0,
          0,
          null,
          0,
          0,
          null,
          0,
          0,
          0,
          0,
          0,
          null,
          0,
          0,
          0,
          0,
          0,
          0,
          0,
          null,
          0,
          0,
          0,
          0,
          0,
          0,
          0,
          0,
          0,
          0,
          null,
          null,
          0,
          0,
          0,
          0,
          null,
          0,
          0,
          0,
          0,
          0,
          0,
          0,
          0,
          0,
          0,
          0,
          0,
          0,
          null,
          0,
          0,
          0,
          0,
          0,
          0,
          0,
          0,
          0,
          0,
          0,
          0,
          0,
          0,
          0,
          0
        ],
        "branches": {
        }
      },
      "/Users/dinhdat/Documents/source-code/onboard/alert-active-record/alert-subscription/app/api/resources/users_api.rb": {
        "lines": [
          0,
          0,
          null,
          0,
          0,
          0,
          0,
          0,
          0,
          0,
          0,
          0,
          0,
          0,
          0,
          0,
          null,
          0,
          0,
          0,
          0,
          0,
          0,
          0,
          null,
          0,
          0,
          0,
          0,
          0,
          0,
          0,
          0,
          0
        ],
        "branches": {
        }
      },
      "/Users/dinhdat/Documents/source-code/onboard/alert-active-record/alert-subscription/app/channels/application_cable/channel.rb": {
        "lines": [
          0,
          0,
          0,
          0
        ],
        "branches": {
        }
      },
      "/Users/dinhdat/Documents/source-code/onboard/alert-active-record/alert-subscription/app/channels/application_cable/connection.rb": {
        "lines": [
          0,
          0,
          0,
          0
        ],
        "branches": {
        }
      },
      "/Users/dinhdat/Documents/source-code/onboard/alert-active-record/alert-subscription/app/controllers/application_controller.rb": {
        "lines": [
          0,
          0
        ],
        "branches": {
        }
      },
      "/Users/dinhdat/Documents/source-code/onboard/alert-active-record/alert-subscription/app/helpers/application_helper.rb": {
        "lines": [
          0,
          0
        ],
        "branches": {
        }
      },
      "/Users/dinhdat/Documents/source-code/onboard/alert-active-record/alert-subscription/app/helpers/secure_helper.rb": {
        "lines": [
          0,
          0
        ],
        "branches": {
        }
      },
      "/Users/dinhdat/Documents/source-code/onboard/alert-active-record/alert-subscription/app/helpers/user_helper.rb": {
        "lines": [
          0,
          0
        ],
        "branches": {
        }
      },
      "/Users/dinhdat/Documents/source-code/onboard/alert-active-record/alert-subscription/app/jobs/application_job.rb": {
        "lines": [
          0,
          null,
          null,
          null,
          null,
          null,
          0
        ],
        "branches": {
        }
      },
      "/Users/dinhdat/Documents/source-code/onboard/alert-active-record/alert-subscription/app/mailers/application_mailer.rb": {
        "lines": [
          0,
          0,
          0,
          0
        ],
        "branches": {
        }
      },
      "/Users/dinhdat/Documents/source-code/onboard/alert-active-record/alert-subscription/app/workers/long_task_worker.rb": {
        "lines": [
          0,
          0,
          null,
          0,
          0,
          0,
          null,
          null,
          null,
          null,
          null,
          null,
          null,
          null,
          0,
          0,
          0,
          null,
          0,
          0,
          0,
          0,
          null,
          0,
          0,
          0,
          null,
          0,
          0,
          0,
          0,
          null,
          null,
          0,
          0,
          0
        ],
        "branches": {
        }
      },
      "/Users/dinhdat/Documents/source-code/onboard/alert-active-record/alert-subscription/app/workers/mark_overdue_worker.rb": {
        "lines": [
          0,
          0,
          null,
          0,
          0,
          0,
          0,
          0,
          null,
          0,
          0,
          0,
          0,
          0,
          0,
          0,
          null,
          0,
          0,
          0,
          0,
          0
        ],
        "branches": {
        }
      }
    },
    "timestamp": 1768380310
  }
}
